c:\users\patrick\documents\github\sdl2.0_template\sdl2.0_template\debug\vc120.pdb
c:\users\patrick\documents\github\sdl2.0_template\sdl2.0_template\debug\vc120.idb
c:\users\patrick\documents\github\sdl2.0_template\sdl2.0_template\debug\main.obj
c:\users\patrick\documents\github\sdl2.0_template\sdl2.0_template\debug\map.obj
c:\users\patrick\documents\github\sdl2.0_template\sdl2.0_template\debug\gameengine.obj
c:\users\patrick\documents\github\sdl2.0_template\sdl2.0_template\debug\mapmanager.obj
c:\users\patrick\documents\github\sdl2.0_template\sdl2.0_template\debug\surface.obj
c:\users\patrick\documents\github\sdl2.0_template\sdl2.0_template\debug\maptile.obj
c:\users\patrick\documents\github\sdl2.0_template\debug\sdl2.0_template.ilk
c:\users\patrick\documents\github\sdl2.0_template\debug\sdl2.0_template.exe
c:\users\patrick\documents\github\sdl2.0_template\debug\sdl2.0_template.pdb
c:\users\patrick\documents\github\assignment1\sdl2.0_template\debug\gameengine.obj
c:\users\patrick\documents\github\assignment1\sdl2.0_template\debug\main.obj
c:\users\patrick\documents\github\assignment1\sdl2.0_template\debug\map.obj
c:\users\patrick\documents\github\assignment1\sdl2.0_template\debug\mapmanager.obj
c:\users\patrick\documents\github\assignment1\sdl2.0_template\debug\maptile.obj
c:\users\patrick\documents\github\assignment1\sdl2.0_template\debug\surface.obj
c:\users\patrick\documents\github\assignment1\sdl2.0_template\debug\vc120.idb
c:\users\patrick\documents\github\assignment1\sdl2.0_template\debug\vc120.pdb
c:\users\patrick\documents\github\assignment1\debug\sdl2.0_template.pdb
c:\users\patrick\documents\github\assignment1\debug\sdl2.0_template.exe
c:\users\patrick\documents\github\assignment1\debug\sdl2.0_template.ilk
c:\users\patrick\documents\github\assignment1\sdl2.0_template\debug\sdl2.0_template.tlog\cl.command.1.tlog
c:\users\patrick\documents\github\assignment1\sdl2.0_template\debug\sdl2.0_template.tlog\cl.read.1.tlog
c:\users\patrick\documents\github\assignment1\sdl2.0_template\debug\sdl2.0_template.tlog\cl.write.1.tlog
c:\users\patrick\documents\github\assignment1\sdl2.0_template\debug\sdl2.0_template.tlog\link.command.1.tlog
c:\users\patrick\documents\github\assignment1\sdl2.0_template\debug\sdl2.0_template.tlog\link.read.1.tlog
c:\users\patrick\documents\github\assignment1\sdl2.0_template\debug\sdl2.0_template.tlog\link.write.1.tlog
